<?xml version="1.0" encoding="UTF-8"?>
<robot generator="Robot 3.0 (Jython 2.7.0 on java1.8.0_111)" generated="20170123 13:25:22.802">
<suite source="C:\Users\Masterdeadlock\Documents\2017 Spring Semester\Garrett\tic-tac-toe-project\src\test\acceptancetest" name="Acceptancetest" id="s1">
<suite source="C:\Users\Masterdeadlock\Documents\2017 Spring Semester\Garrett\tic-tac-toe-project\src\test\acceptancetest\TicTacToeTests.txt" name="TicTacToeTests" id="s1-s1">
<test name="Win Diagonally as X" id="s1-s1-t1">
<kw library="TicTacToeKeywords" name="Start New Game">
<status endtime="20170123 13:25:23.759" starttime="20170123 13:25:23.712" status="PASS"></status>
</kw>
<kw library="TicTacToeKeywords" name="Mark Location">
<arguments>
<arg>1</arg>
<arg>1</arg>
</arguments>
<status endtime="20170123 13:25:23.775" starttime="20170123 13:25:23.759" status="PASS"></status>
</kw>
<kw name="Check Location">
<arguments>
<arg>1</arg>
<arg>1</arg>
<arg>X</arg>
</arguments>
<kw library="TicTacToeKeywords" name="Get Mark">
<arguments>
<arg>${row}</arg>
<arg>${col}</arg>
</arguments>
<assign>
<var>${m}</var>
</assign>
<msg level="INFO" timestamp="20170123 13:25:23.843">${m} = X</msg>
<status endtime="20170123 13:25:23.848" starttime="20170123 13:25:23.821" status="PASS"></status>
</kw>
<kw library="BuiltIn" name="Should Be Equal">
<doc>Fails if the given objects are unequal.</doc>
<arguments>
<arg>${m}</arg>
<arg>${mark}</arg>
</arguments>
<status endtime="20170123 13:25:23.876" starttime="20170123 13:25:23.856" status="PASS"></status>
</kw>
<status endtime="20170123 13:25:23.886" starttime="20170123 13:25:23.791" status="PASS"></status>
</kw>
<kw library="TicTacToeKeywords" name="Mark Location">
<arguments>
<arg>0</arg>
<arg>1</arg>
</arguments>
<status endtime="20170123 13:25:23.909" starttime="20170123 13:25:23.894" status="PASS"></status>
</kw>
<kw name="Check Location">
<arguments>
<arg>0</arg>
<arg>1</arg>
<arg>O</arg>
</arguments>
<kw library="TicTacToeKeywords" name="Get Mark">
<arguments>
<arg>${row}</arg>
<arg>${col}</arg>
</arguments>
<assign>
<var>${m}</var>
</assign>
<msg level="INFO" timestamp="20170123 13:25:23.951">${m} = O</msg>
<status endtime="20170123 13:25:23.955" starttime="20170123 13:25:23.934" status="PASS"></status>
</kw>
<kw library="BuiltIn" name="Should Be Equal">
<doc>Fails if the given objects are unequal.</doc>
<arguments>
<arg>${m}</arg>
<arg>${mark}</arg>
</arguments>
<status endtime="20170123 13:25:23.980" starttime="20170123 13:25:23.962" status="PASS"></status>
</kw>
<status endtime="20170123 13:25:23.986" starttime="20170123 13:25:23.915" status="PASS"></status>
</kw>
<kw library="TicTacToeKeywords" name="Mark Location">
<arguments>
<arg>0</arg>
<arg>0</arg>
</arguments>
<status endtime="20170123 13:25:24.008" starttime="20170123 13:25:23.992" status="PASS"></status>
</kw>
<kw name="Check Location">
<arguments>
<arg>0</arg>
<arg>0</arg>
<arg>X</arg>
</arguments>
<kw library="TicTacToeKeywords" name="Get Mark">
<arguments>
<arg>${row}</arg>
<arg>${col}</arg>
</arguments>
<assign>
<var>${m}</var>
</assign>
<msg level="INFO" timestamp="20170123 13:25:24.051">${m} = X</msg>
<status endtime="20170123 13:25:24.054" starttime="20170123 13:25:24.033" status="PASS"></status>
</kw>
<kw library="BuiltIn" name="Should Be Equal">
<doc>Fails if the given objects are unequal.</doc>
<arguments>
<arg>${m}</arg>
<arg>${mark}</arg>
</arguments>
<status endtime="20170123 13:25:24.078" starttime="20170123 13:25:24.061" status="PASS"></status>
</kw>
<status endtime="20170123 13:25:24.085" starttime="20170123 13:25:24.017" status="PASS"></status>
</kw>
<kw library="TicTacToeKeywords" name="Mark Location">
<arguments>
<arg>0</arg>
<arg>2</arg>
</arguments>
<status endtime="20170123 13:25:24.106" starttime="20170123 13:25:24.092" status="PASS"></status>
</kw>
<kw name="Check Location">
<arguments>
<arg>0</arg>
<arg>2</arg>
<arg>O</arg>
</arguments>
<kw library="TicTacToeKeywords" name="Get Mark">
<arguments>
<arg>${row}</arg>
<arg>${col}</arg>
</arguments>
<assign>
<var>${m}</var>
</assign>
<msg level="INFO" timestamp="20170123 13:25:24.148">${m} = O</msg>
<status endtime="20170123 13:25:24.153" starttime="20170123 13:25:24.130" status="PASS"></status>
</kw>
<kw library="BuiltIn" name="Should Be Equal">
<doc>Fails if the given objects are unequal.</doc>
<arguments>
<arg>${m}</arg>
<arg>${mark}</arg>
</arguments>
<status endtime="20170123 13:25:24.176" starttime="20170123 13:25:24.160" status="PASS"></status>
</kw>
<status endtime="20170123 13:25:24.181" starttime="20170123 13:25:24.112" status="PASS"></status>
</kw>
<kw library="TicTacToeKeywords" name="Mark Location">
<arguments>
<arg>2</arg>
<arg>2</arg>
</arguments>
<status endtime="20170123 13:25:24.200" starttime="20170123 13:25:24.188" status="PASS"></status>
</kw>
<kw name="Check Location">
<arguments>
<arg>2</arg>
<arg>2</arg>
<arg>X</arg>
</arguments>
<kw library="TicTacToeKeywords" name="Get Mark">
<arguments>
<arg>${row}</arg>
<arg>${col}</arg>
</arguments>
<assign>
<var>${m}</var>
</assign>
<msg level="INFO" timestamp="20170123 13:25:24.239">${m} = X</msg>
<status endtime="20170123 13:25:24.242" starttime="20170123 13:25:24.222" status="PASS"></status>
</kw>
<kw library="BuiltIn" name="Should Be Equal">
<doc>Fails if the given objects are unequal.</doc>
<arguments>
<arg>${m}</arg>
<arg>${mark}</arg>
</arguments>
<status endtime="20170123 13:25:24.263" starttime="20170123 13:25:24.248" status="PASS"></status>
</kw>
<status endtime="20170123 13:25:24.273" starttime="20170123 13:25:24.204" status="PASS"></status>
</kw>
<kw name="Winner Should Be">
<arguments>
<arg>X</arg>
</arguments>
<kw library="TicTacToeKeywords" name="Get Winner">
<assign>
<var>${m}</var>
</assign>
<msg level="INFO" timestamp="20170123 13:25:24.302">${m} = X</msg>
<status endtime="20170123 13:25:24.305" starttime="20170123 13:25:24.291" status="PASS"></status>
</kw>
<kw library="BuiltIn" name="Should Be Equal">
<doc>Fails if the given objects are unequal.</doc>
<arguments>
<arg>${m}</arg>
<arg>${mark}</arg>
</arguments>
<status endtime="20170123 13:25:24.320" starttime="20170123 13:25:24.310" status="PASS"></status>
</kw>
<status endtime="20170123 13:25:24.323" starttime="20170123 13:25:24.278" status="PASS"></status>
</kw>
<status critical="yes" endtime="20170123 13:25:24.329" starttime="20170123 13:25:23.706" status="PASS"></status>
</test>
<test name="Win Horizontally as O" id="s1-s1-t2">
<kw library="TicTacToeKeywords" name="Start New Game">
<status endtime="20170123 13:25:24.363" starttime="20170123 13:25:24.354" status="PASS"></status>
</kw>
<kw library="TicTacToeKeywords" name="Mark Location">
<arguments>
<arg>1</arg>
<arg>1</arg>
</arguments>
<status endtime="20170123 13:25:24.379" starttime="20170123 13:25:24.370" status="PASS"></status>
</kw>
<kw name="Check Location">
<arguments>
<arg>1</arg>
<arg>1</arg>
<arg>X</arg>
</arguments>
<kw library="TicTacToeKeywords" name="Get Mark">
<arguments>
<arg>${row}</arg>
<arg>${col}</arg>
</arguments>
<assign>
<var>${m}</var>
</assign>
<msg level="INFO" timestamp="20170123 13:25:24.414">${m} = X</msg>
<status endtime="20170123 13:25:24.418" starttime="20170123 13:25:24.400" status="PASS"></status>
</kw>
<kw library="BuiltIn" name="Should Be Equal">
<doc>Fails if the given objects are unequal.</doc>
<arguments>
<arg>${m}</arg>
<arg>${mark}</arg>
</arguments>
<status endtime="20170123 13:25:24.438" starttime="20170123 13:25:24.423" status="PASS"></status>
</kw>
<status endtime="20170123 13:25:24.442" starttime="20170123 13:25:24.386" status="PASS"></status>
</kw>
<kw library="TicTacToeKeywords" name="Mark Location">
<arguments>
<arg>2</arg>
<arg>0</arg>
</arguments>
<status endtime="20170123 13:25:24.470" starttime="20170123 13:25:24.452" status="PASS"></status>
</kw>
<kw name="Check Location">
<arguments>
<arg>2</arg>
<arg>0</arg>
<arg>O</arg>
</arguments>
<kw library="TicTacToeKeywords" name="Get Mark">
<arguments>
<arg>${row}</arg>
<arg>${col}</arg>
</arguments>
<assign>
<var>${m}</var>
</assign>
<msg level="INFO" timestamp="20170123 13:25:24.503">${m} = O</msg>
<status endtime="20170123 13:25:24.506" starttime="20170123 13:25:24.486" status="PASS"></status>
</kw>
<kw library="BuiltIn" name="Should Be Equal">
<doc>Fails if the given objects are unequal.</doc>
<arguments>
<arg>${m}</arg>
<arg>${mark}</arg>
</arguments>
<status endtime="20170123 13:25:24.522" starttime="20170123 13:25:24.512" status="PASS"></status>
</kw>
<status endtime="20170123 13:25:24.529" starttime="20170123 13:25:24.474" status="PASS"></status>
</kw>
<kw library="TicTacToeKeywords" name="Mark Location">
<arguments>
<arg>0</arg>
<arg>0</arg>
</arguments>
<status endtime="20170123 13:25:24.541" starttime="20170123 13:25:24.533" status="PASS"></status>
</kw>
<kw name="Check Location">
<arguments>
<arg>0</arg>
<arg>0</arg>
<arg>X</arg>
</arguments>
<kw library="TicTacToeKeywords" name="Get Mark">
<arguments>
<arg>${row}</arg>
<arg>${col}</arg>
</arguments>
<assign>
<var>${m}</var>
</assign>
<msg level="INFO" timestamp="20170123 13:25:24.571">${m} = X</msg>
<status endtime="20170123 13:25:24.574" starttime="20170123 13:25:24.559" status="PASS"></status>
</kw>
<kw library="BuiltIn" name="Should Be Equal">
<doc>Fails if the given objects are unequal.</doc>
<arguments>
<arg>${m}</arg>
<arg>${mark}</arg>
</arguments>
<status endtime="20170123 13:25:24.592" starttime="20170123 13:25:24.580" status="PASS"></status>
</kw>
<status endtime="20170123 13:25:24.598" starttime="20170123 13:25:24.545" status="PASS"></status>
</kw>
<kw library="TicTacToeKeywords" name="Mark Location">
<arguments>
<arg>2</arg>
<arg>2</arg>
</arguments>
<status endtime="20170123 13:25:24.612" starttime="20170123 13:25:24.603" status="PASS"></status>
</kw>
<kw name="Check Location">
<arguments>
<arg>2</arg>
<arg>2</arg>
<arg>O</arg>
</arguments>
<kw library="TicTacToeKeywords" name="Get Mark">
<arguments>
<arg>${row}</arg>
<arg>${col}</arg>
</arguments>
<assign>
<var>${m}</var>
</assign>
<msg level="INFO" timestamp="20170123 13:25:24.638">${m} = O</msg>
<status endtime="20170123 13:25:24.641" starttime="20170123 13:25:24.626" status="PASS"></status>
</kw>
<kw library="BuiltIn" name="Should Be Equal">
<doc>Fails if the given objects are unequal.</doc>
<arguments>
<arg>${m}</arg>
<arg>${mark}</arg>
</arguments>
<status endtime="20170123 13:25:24.655" starttime="20170123 13:25:24.645" status="PASS"></status>
</kw>
<status endtime="20170123 13:25:24.659" starttime="20170123 13:25:24.616" status="PASS"></status>
</kw>
<kw library="TicTacToeKeywords" name="Mark Location">
<arguments>
<arg>0</arg>
<arg>2</arg>
</arguments>
<status endtime="20170123 13:25:24.672" starttime="20170123 13:25:24.663" status="PASS"></status>
</kw>
<kw name="Check Location">
<arguments>
<arg>0</arg>
<arg>2</arg>
<arg>X</arg>
</arguments>
<kw library="TicTacToeKeywords" name="Get Mark">
<arguments>
<arg>${row}</arg>
<arg>${col}</arg>
</arguments>
<assign>
<var>${m}</var>
</assign>
<msg level="INFO" timestamp="20170123 13:25:24.696">${m} = X</msg>
<status endtime="20170123 13:25:24.700" starttime="20170123 13:25:24.686" status="PASS"></status>
</kw>
<kw library="BuiltIn" name="Should Be Equal">
<doc>Fails if the given objects are unequal.</doc>
<arguments>
<arg>${m}</arg>
<arg>${mark}</arg>
</arguments>
<status endtime="20170123 13:25:24.714" starttime="20170123 13:25:24.703" status="PASS"></status>
</kw>
<status endtime="20170123 13:25:24.722" starttime="20170123 13:25:24.675" status="PASS"></status>
</kw>
<kw library="TicTacToeKeywords" name="Mark Location">
<arguments>
<arg>2</arg>
<arg>1</arg>
</arguments>
<status endtime="20170123 13:25:24.741" starttime="20170123 13:25:24.731" status="PASS"></status>
</kw>
<kw name="Check Location">
<arguments>
<arg>2</arg>
<arg>1</arg>
<arg>O</arg>
</arguments>
<kw library="TicTacToeKeywords" name="Get Mark">
<arguments>
<arg>${row}</arg>
<arg>${col}</arg>
</arguments>
<assign>
<var>${m}</var>
</assign>
<msg level="INFO" timestamp="20170123 13:25:24.773">${m} = O</msg>
<status endtime="20170123 13:25:24.775" starttime="20170123 13:25:24.760" status="PASS"></status>
</kw>
<kw library="BuiltIn" name="Should Be Equal">
<doc>Fails if the given objects are unequal.</doc>
<arguments>
<arg>${m}</arg>
<arg>${mark}</arg>
</arguments>
<status endtime="20170123 13:25:24.784" starttime="20170123 13:25:24.777" status="PASS"></status>
</kw>
<status endtime="20170123 13:25:24.788" starttime="20170123 13:25:24.744" status="PASS"></status>
</kw>
<kw name="Winner Should Be">
<arguments>
<arg>O</arg>
</arguments>
<kw library="TicTacToeKeywords" name="Get Winner">
<assign>
<var>${m}</var>
</assign>
<msg level="INFO" timestamp="20170123 13:25:24.801">${m} = O</msg>
<status endtime="20170123 13:25:24.803" starttime="20170123 13:25:24.796" status="PASS"></status>
</kw>
<kw library="BuiltIn" name="Should Be Equal">
<doc>Fails if the given objects are unequal.</doc>
<arguments>
<arg>${m}</arg>
<arg>${mark}</arg>
</arguments>
<status endtime="20170123 13:25:25.248" starttime="20170123 13:25:24.806" status="PASS"></status>
</kw>
<status endtime="20170123 13:25:25.264" starttime="20170123 13:25:24.790" status="PASS"></status>
</kw>
<status critical="yes" endtime="20170123 13:25:25.264" starttime="20170123 13:25:24.339" status="PASS"></status>
</test>
<test name="Force a Tie" id="s1-s1-t3">
<kw library="TicTacToeKeywords" name="Start New Game">
<status endtime="20170123 13:25:25.295" starttime="20170123 13:25:25.280" status="PASS"></status>
</kw>
<kw library="TicTacToeKeywords" name="Mark Location">
<arguments>
<arg>1</arg>
<arg>1</arg>
</arguments>
<status endtime="20170123 13:25:25.311" starttime="20170123 13:25:25.295" status="PASS"></status>
</kw>
<kw name="Check Location">
<arguments>
<arg>1</arg>
<arg>1</arg>
<arg>X</arg>
</arguments>
<kw library="TicTacToeKeywords" name="Get Mark">
<arguments>
<arg>${row}</arg>
<arg>${col}</arg>
</arguments>
<assign>
<var>${m}</var>
</assign>
<msg level="INFO" timestamp="20170123 13:25:25.317">${m} = X</msg>
<status endtime="20170123 13:25:25.333" starttime="20170123 13:25:25.317" status="PASS"></status>
</kw>
<kw library="BuiltIn" name="Should Be Equal">
<doc>Fails if the given objects are unequal.</doc>
<arguments>
<arg>${m}</arg>
<arg>${mark}</arg>
</arguments>
<status endtime="20170123 13:25:25.333" starttime="20170123 13:25:25.333" status="PASS"></status>
</kw>
<status endtime="20170123 13:25:25.349" starttime="20170123 13:25:25.314" status="PASS"></status>
</kw>
<kw library="TicTacToeKeywords" name="Mark Location">
<arguments>
<arg>0</arg>
<arg>0</arg>
</arguments>
<status endtime="20170123 13:25:25.349" starttime="20170123 13:25:25.349" status="PASS"></status>
</kw>
<kw name="Check Location">
<arguments>
<arg>0</arg>
<arg>0</arg>
<arg>O</arg>
</arguments>
<kw library="TicTacToeKeywords" name="Get Mark">
<arguments>
<arg>${row}</arg>
<arg>${col}</arg>
</arguments>
<assign>
<var>${m}</var>
</assign>
<msg level="INFO" timestamp="20170123 13:25:25.364">${m} = O</msg>
<status endtime="20170123 13:25:25.364" starttime="20170123 13:25:25.364" status="PASS"></status>
</kw>
<kw library="BuiltIn" name="Should Be Equal">
<doc>Fails if the given objects are unequal.</doc>
<arguments>
<arg>${m}</arg>
<arg>${mark}</arg>
</arguments>
<status endtime="20170123 13:25:25.380" starttime="20170123 13:25:25.380" status="PASS"></status>
</kw>
<status endtime="20170123 13:25:25.396" starttime="20170123 13:25:25.349" status="PASS"></status>
</kw>
<kw library="TicTacToeKeywords" name="Mark Location">
<arguments>
<arg>2</arg>
<arg>0</arg>
</arguments>
<status endtime="20170123 13:25:25.412" starttime="20170123 13:25:25.396" status="PASS"></status>
</kw>
<kw name="Check Location">
<arguments>
<arg>2</arg>
<arg>0</arg>
<arg>X</arg>
</arguments>
<kw library="TicTacToeKeywords" name="Get Mark">
<arguments>
<arg>${row}</arg>
<arg>${col}</arg>
</arguments>
<assign>
<var>${m}</var>
</assign>
<msg level="INFO" timestamp="20170123 13:25:25.418">${m} = X</msg>
<status endtime="20170123 13:25:25.433" starttime="20170123 13:25:25.418" status="PASS"></status>
</kw>
<kw library="BuiltIn" name="Should Be Equal">
<doc>Fails if the given objects are unequal.</doc>
<arguments>
<arg>${m}</arg>
<arg>${mark}</arg>
</arguments>
<status endtime="20170123 13:25:25.449" starttime="20170123 13:25:25.433" status="PASS"></status>
</kw>
<status endtime="20170123 13:25:25.449" starttime="20170123 13:25:25.414" status="PASS"></status>
</kw>
<kw library="TicTacToeKeywords" name="Mark Location">
<arguments>
<arg>0</arg>
<arg>2</arg>
</arguments>
<status endtime="20170123 13:25:25.449" starttime="20170123 13:25:25.449" status="PASS"></status>
</kw>
<kw name="Check Location">
<arguments>
<arg>0</arg>
<arg>2</arg>
<arg>O</arg>
</arguments>
<kw library="TicTacToeKeywords" name="Get Mark">
<arguments>
<arg>${row}</arg>
<arg>${col}</arg>
</arguments>
<assign>
<var>${m}</var>
</assign>
<msg level="INFO" timestamp="20170123 13:25:25.465">${m} = O</msg>
<status endtime="20170123 13:25:25.465" starttime="20170123 13:25:25.465" status="PASS"></status>
</kw>
<kw library="BuiltIn" name="Should Be Equal">
<doc>Fails if the given objects are unequal.</doc>
<arguments>
<arg>${m}</arg>
<arg>${mark}</arg>
</arguments>
<status endtime="20170123 13:25:25.480" starttime="20170123 13:25:25.465" status="PASS"></status>
</kw>
<status endtime="20170123 13:25:25.480" starttime="20170123 13:25:25.449" status="PASS"></status>
</kw>
<kw library="TicTacToeKeywords" name="Mark Location">
<arguments>
<arg>0</arg>
<arg>1</arg>
</arguments>
<status endtime="20170123 13:25:25.480" starttime="20170123 13:25:25.480" status="PASS"></status>
</kw>
<kw name="Check Location">
<arguments>
<arg>0</arg>
<arg>1</arg>
<arg>X</arg>
</arguments>
<kw library="TicTacToeKeywords" name="Get Mark">
<arguments>
<arg>${row}</arg>
<arg>${col}</arg>
</arguments>
<assign>
<var>${m}</var>
</assign>
<msg level="INFO" timestamp="20170123 13:25:25.515">${m} = X</msg>
<status endtime="20170123 13:25:25.518" starttime="20170123 13:25:25.496" status="PASS"></status>
</kw>
<kw library="BuiltIn" name="Should Be Equal">
<doc>Fails if the given objects are unequal.</doc>
<arguments>
<arg>${m}</arg>
<arg>${mark}</arg>
</arguments>
<status endtime="20170123 13:25:25.518" starttime="20170123 13:25:25.518" status="PASS"></status>
</kw>
<status endtime="20170123 13:25:25.518" starttime="20170123 13:25:25.496" status="PASS"></status>
</kw>
<kw library="TicTacToeKeywords" name="Mark Location">
<arguments>
<arg>2</arg>
<arg>1</arg>
</arguments>
<status endtime="20170123 13:25:25.534" starttime="20170123 13:25:25.534" status="PASS"></status>
</kw>
<kw name="Check Location">
<arguments>
<arg>2</arg>
<arg>1</arg>
<arg>O</arg>
</arguments>
<kw library="TicTacToeKeywords" name="Get Mark">
<arguments>
<arg>${row}</arg>
<arg>${col}</arg>
</arguments>
<assign>
<var>${m}</var>
</assign>
<msg level="INFO" timestamp="20170123 13:25:25.549">${m} = O</msg>
<status endtime="20170123 13:25:25.549" starttime="20170123 13:25:25.549" status="PASS"></status>
</kw>
<kw library="BuiltIn" name="Should Be Equal">
<doc>Fails if the given objects are unequal.</doc>
<arguments>
<arg>${m}</arg>
<arg>${mark}</arg>
</arguments>
<status endtime="20170123 13:25:25.565" starttime="20170123 13:25:25.549" status="PASS"></status>
</kw>
<status endtime="20170123 13:25:25.565" starttime="20170123 13:25:25.534" status="PASS"></status>
</kw>
<kw library="TicTacToeKeywords" name="Mark Location">
<arguments>
<arg>1</arg>
<arg>2</arg>
</arguments>
<status endtime="20170123 13:25:25.565" starttime="20170123 13:25:25.565" status="PASS"></status>
</kw>
<kw name="Check Location">
<arguments>
<arg>1</arg>
<arg>2</arg>
<arg>X</arg>
</arguments>
<kw library="TicTacToeKeywords" name="Get Mark">
<arguments>
<arg>${row}</arg>
<arg>${col}</arg>
</arguments>
<assign>
<var>${m}</var>
</assign>
<msg level="INFO" timestamp="20170123 13:25:25.581">${m} = X</msg>
<status endtime="20170123 13:25:25.581" starttime="20170123 13:25:25.581" status="PASS"></status>
</kw>
<kw library="BuiltIn" name="Should Be Equal">
<doc>Fails if the given objects are unequal.</doc>
<arguments>
<arg>${m}</arg>
<arg>${mark}</arg>
</arguments>
<status endtime="20170123 13:25:25.596" starttime="20170123 13:25:25.581" status="PASS"></status>
</kw>
<status endtime="20170123 13:25:25.596" starttime="20170123 13:25:25.565" status="PASS"></status>
</kw>
<kw library="TicTacToeKeywords" name="Mark Location">
<arguments>
<arg>1</arg>
<arg>0</arg>
</arguments>
<status endtime="20170123 13:25:25.596" starttime="20170123 13:25:25.596" status="PASS"></status>
</kw>
<kw name="Check Location">
<arguments>
<arg>1</arg>
<arg>0</arg>
<arg>O</arg>
</arguments>
<kw library="TicTacToeKeywords" name="Get Mark">
<arguments>
<arg>${row}</arg>
<arg>${col}</arg>
</arguments>
<assign>
<var>${m}</var>
</assign>
<msg level="INFO" timestamp="20170123 13:25:25.618">${m} = O</msg>
<status endtime="20170123 13:25:25.618" starttime="20170123 13:25:25.618" status="PASS"></status>
</kw>
<kw library="BuiltIn" name="Should Be Equal">
<doc>Fails if the given objects are unequal.</doc>
<arguments>
<arg>${m}</arg>
<arg>${mark}</arg>
</arguments>
<status endtime="20170123 13:25:25.634" starttime="20170123 13:25:25.618" status="PASS"></status>
</kw>
<status endtime="20170123 13:25:25.634" starttime="20170123 13:25:25.613" status="PASS"></status>
</kw>
<kw library="TicTacToeKeywords" name="Mark Location">
<arguments>
<arg>2</arg>
<arg>2</arg>
</arguments>
<status endtime="20170123 13:25:25.634" starttime="20170123 13:25:25.634" status="PASS"></status>
</kw>
<kw name="Check Location">
<arguments>
<arg>2</arg>
<arg>2</arg>
<arg>X</arg>
</arguments>
<kw library="TicTacToeKeywords" name="Get Mark">
<arguments>
<arg>${row}</arg>
<arg>${col}</arg>
</arguments>
<assign>
<var>${m}</var>
</assign>
<msg level="INFO" timestamp="20170123 13:25:25.650">${m} = X</msg>
<status endtime="20170123 13:25:25.665" starttime="20170123 13:25:25.650" status="PASS"></status>
</kw>
<kw library="BuiltIn" name="Should Be Equal">
<doc>Fails if the given objects are unequal.</doc>
<arguments>
<arg>${m}</arg>
<arg>${mark}</arg>
</arguments>
<status endtime="20170123 13:25:25.665" starttime="20170123 13:25:25.665" status="PASS"></status>
</kw>
<status endtime="20170123 13:25:25.665" starttime="20170123 13:25:25.650" status="PASS"></status>
</kw>
<kw name="Winner Should Be">
<arguments>
<arg>TIE</arg>
</arguments>
<kw library="TicTacToeKeywords" name="Get Winner">
<assign>
<var>${m}</var>
</assign>
<msg level="INFO" timestamp="20170123 13:25:25.681">${m} = TIE</msg>
<status endtime="20170123 13:25:25.681" starttime="20170123 13:25:25.681" status="PASS"></status>
</kw>
<kw library="BuiltIn" name="Should Be Equal">
<doc>Fails if the given objects are unequal.</doc>
<arguments>
<arg>${m}</arg>
<arg>${mark}</arg>
</arguments>
<status endtime="20170123 13:25:25.696" starttime="20170123 13:25:25.696" status="PASS"></status>
</kw>
<status endtime="20170123 13:25:25.696" starttime="20170123 13:25:25.665" status="PASS"></status>
</kw>
<status critical="yes" endtime="20170123 13:25:25.696" starttime="20170123 13:25:25.280" status="PASS"></status>
</test>
<status endtime="20170123 13:25:25.719" starttime="20170123 13:25:23.512" status="PASS"></status>
</suite>
<status endtime="20170123 13:25:25.766" starttime="20170123 13:25:22.843" status="PASS"></status>
</suite>
<statistics>
<total>
<stat pass="3" fail="0">Critical Tests</stat>
<stat pass="3" fail="0">All Tests</stat>
</total>
<tag>
</tag>
<suite>
<stat pass="3" fail="0" name="Acceptancetest" id="s1">Acceptancetest</stat>
<stat pass="3" fail="0" name="TicTacToeTests" id="s1-s1">Acceptancetest.TicTacToeTests</stat>
</suite>
</statistics>
<errors>
</errors>
</robot>
